<?xml version="1.0" encoding="UTF-8"?>
<testsuite xmlns:xsi="http://www.w3.org/2001/XMLSchema-instance" xsi:noNamespaceSchemaLocation="https://maven.apache.org/surefire/maven-surefire-plugin/xsd/surefire-test-report-3.0.xsd" version="3.0" name="com.ticketmachine.TicketMachineTest" time="0.107" tests="6" errors="0" skipped="0" failures="0">
  <properties>
[...]
</properties>
  <testcase name="testImprimirComSaldoInsuficiente" classname="com.ticketmachine.TicketMachineTest" time="0.049"/>
  <testcase name="testEmitirBilheteComSaldoInsuficiente" classname="com.ticketmachine.TicketMachineTest" time="0.002"/>
  <testcase name="testInserirValorValido" classname="com.ticketmachine.TicketMachineTest" time="0.002"/>
  <testcase name="testEmitirBilheteComSaldoSuficiente" classname="com.ticketmachine.TicketMachineTest" time="0.008">
    <system-out><![CDATA[Bilhete emitido. Saldo restante: 5
]]></system-out>
  </testcase>
  <testcase name="testInserirValorInvalido" classname="com.ticketmachine.TicketMachineTest" time="0.001"/>
  <testcase name="testImprimirComSaldoSuficiente" classname="com.ticketmachine.TicketMachineTest" time="0.01"/>
</testsuite>